<?xml version="1.0" encoding="UTF-8"?>
<!-- Generated by org.testng.reporters.JUnitReportReporter -->
<testsuite skipped="0" hostname="DESKTOP-6U2ELF0" name="MavenNew.MavenNew.AppTest" tests="2" failures="0" timestamp="2022-11-02T22:50:06 IST" time="0.012" errors="0">
  <testcase name="shouldAnswerWithTrue" time="0.011" classname="MavenNew.MavenNew.AppTest"/>
  <system-out/>
  <testcase name="shouldAnswerWithTrue1" time="0.001" classname="MavenNew.MavenNew.AppTest"/>
  <system-out/>
</testsuite> <!-- MavenNew.MavenNew.AppTest -->
